<?xml version="1.0" encoding="UTF-8"?>
<TestRun id="282c4e74-a32a-4735-b2ec-ca14589f4a7e" name="Admin@MYNOTEBOOK 2016-11-08 00:22:39" runUser="MyNotebook\Admin" xmlns="http://microsoft.com/schemas/VisualStudio/TeamTest/2010">
  <TestSettings name="Локальные" id="97de9f4e-6588-4783-838e-983556bcfdbb">
    <Description>Это - параметры по умолчанию для локального тестового запуска.</Description>
    <Deployment enabled="false" runDeploymentRoot="Admin_MYNOTEBOOK 2016-11-08 00_22_39">
      <DeploymentItem filename="D:\Documents\Учеба\6 курс (Магистратура)\Kanban2\Gmesh\GMESH-1.1\Projects\GMESH Generator\Geometry\bin\Debug\Geometry.dll" />
      <DeploymentItem filename="D:\Documents\Учеба\6 курс (Магистратура)\Kanban2\Gmesh\GMESH-1.1\Projects\GMESH Generator\Generator\bin\Debug\Generator.dll" />
      <DeploymentItem filename="D:\Documents\Учеба\6 курс (Магистратура)\Kanban2\Gmesh\GMESH-1.1\Projects\GMESH Generator\Decompose\bin\Debug\Decompose.dll" />
      <DeploymentItem filename="D:\Documents\Учеба\6 курс (Магистратура)\Kanban2\Gmesh\GMESH-1.1\Projects\GMESH Generator\Analyzer\bin\Debug\Analyzer.dll" />
      <DeploymentItem filename="D:\Documents\Учеба\6 курс (Магистратура)\Kanban2\Gmesh\GMESH-1.1\Projects\GMESH Generator\GMESH Generator\bin\Debug\GMESH Generator.exe" />
      <DeploymentItem filename="D:\Documents\Учеба\6 курс (Магистратура)\Kanban2\Gmesh\GMESH-1.1\Projects\GMESH Generator\GMESHFileStream\bin\Debug\GMESHFileStream.dll" />
    </Deployment>
    <Execution>
      <TestTypeSpecific />
      <AgentRule name="Execution Agents">
      </AgentRule>
    </Execution>
  </TestSettings>
  <Times creation="2016-11-08T00:22:39.7228540+03:00" queuing="2016-11-08T00:22:41.9623873+03:00" start="2016-11-08T00:22:42.0414376+03:00" finish="2016-11-08T00:22:42.6912164+03:00" />
  <ResultSummary outcome="Warning">
    <Counters total="1" executed="1" passed="1" error="0" failed="0" timeout="0" aborted="0" inconclusive="0" passedButRunAborted="0" notRunnable="0" notExecuted="0" disconnected="0" warning="0" completed="0" inProgress="0" pending="0" />
    <RunInfos>
      <RunInfo computerName="MYNOTEBOOK" outcome="Warning" timestamp="2016-11-08T00:22:40.7797601+03:00">
        <Text>Deployment is currently disabled. The deployment item 'Decompose.dll' on test 'TestGenerator.TriangleDecomposeTest.FindTriangleCentreTest' was not deployed.</Text>
      </RunInfo>
    </RunInfos>
  </ResultSummary>
  <TestDefinitions>
    <UnitTest name="FindTriangleCentreTest" storage="d:\documents\учеба\6 курс (магистратура)\kanban2\gmesh\gmesh-1.1\projects\gmesh generator\testgenerator\bin\debug\testgenerator.dll" id="7eff7c8d-8bc2-64e3-4eb0-10712891354e">
      <DeploymentItems>
        <DeploymentItem filename="Decompose.dll" />
      </DeploymentItems>
      <Execution id="dc8884d7-1af4-465a-a03e-3d1505ab03a0" />
      <TestMethod codeBase="D:/Documents/Учеба/6 курс (Магистратура)/Kanban2/Gmesh/GMESH-1.1/Projects/GMESH Generator/TestGenerator/bin/Debug/TestGenerator.DLL" adapterTypeName="Microsoft.VisualStudio.TestTools.TestTypes.Unit.UnitTestAdapter, Microsoft.VisualStudio.QualityTools.Tips.UnitTest.Adapter, Version=10.0.0.0, Culture=neutral, PublicKeyToken=b03f5f7f11d50a3a" className="TestGenerator.TriangleDecomposeTest, TestGenerator, Version=1.0.0.0, Culture=neutral, PublicKeyToken=null" name="FindTriangleCentreTest" />
    </UnitTest>
  </TestDefinitions>
  <TestLists>
    <TestList name="Results Not in a List" id="8c84fa94-04c1-424b-9868-57a2d4851a1d" />
    <TestList name="All Loaded Results" id="19431567-8539-422a-85d7-44ee4e166bda" />
  </TestLists>
  <TestEntries>
    <TestEntry testId="7eff7c8d-8bc2-64e3-4eb0-10712891354e" executionId="dc8884d7-1af4-465a-a03e-3d1505ab03a0" testListId="8c84fa94-04c1-424b-9868-57a2d4851a1d" />
  </TestEntries>
  <Results>
    <UnitTestResult executionId="dc8884d7-1af4-465a-a03e-3d1505ab03a0" testId="7eff7c8d-8bc2-64e3-4eb0-10712891354e" testName="FindTriangleCentreTest" computerName="MYNOTEBOOK" duration="00:00:00.0395573" startTime="2016-11-08T00:22:42.1595160+03:00" endTime="2016-11-08T00:22:42.6371805+03:00" testType="13cdc9d9-ddb5-4fa4-a97d-d965ccfc6d4b" outcome="Passed" testListId="8c84fa94-04c1-424b-9868-57a2d4851a1d" relativeResultsDirectory="dc8884d7-1af4-465a-a03e-3d1505ab03a0">
    </UnitTestResult>
  </Results>
</TestRun>